<?xml version="1.0" encoding="UTF-8"?>
<testng-results ignored="0" total="3" passed="3" failed="0" skipped="0">
  <reporter-output>
  </reporter-output>
  <suite started-at="2020-12-28T13:53:54 IST" name="Suite" finished-at="2020-12-28T13:56:29 IST" duration-ms="155171">
    <groups>
    </groups>
    <test started-at="2020-12-28T13:53:54 IST" name="Buyer" finished-at="2020-12-28T13:56:17 IST" duration-ms="142712">
      <class name="testqa.NewTest">
        <test-method is-config="true" signature="beforeMethod()[pri:0, instance:testqa.NewTest@22555ebf]" started-at="2020-12-28T13:53:54 IST" name="beforeMethod" finished-at="2020-12-28T13:54:24 IST" duration-ms="29723" status="PASS">
          <reporter-output>
          </reporter-output>
        </test-method> <!-- beforeMethod -->
        <test-method signature="buyerlogin()[pri:1, instance:testqa.NewTest@22555ebf]" started-at="2020-12-28T13:54:24 IST" name="buyerlogin" finished-at="2020-12-28T13:55:24 IST" duration-ms="59679" status="PASS">
          <reporter-output>
          </reporter-output>
        </test-method> <!-- buyerlogin -->
        <test-method is-config="true" signature="afterMethod()[pri:0, instance:testqa.NewTest@22555ebf]" started-at="2020-12-28T13:55:24 IST" name="afterMethod" finished-at="2020-12-28T13:55:24 IST" duration-ms="0" status="PASS">
          <reporter-output>
          </reporter-output>
        </test-method> <!-- afterMethod -->
        <test-method is-config="true" signature="beforeMethod()[pri:0, instance:testqa.NewTest@22555ebf]" started-at="2020-12-28T13:55:24 IST" name="beforeMethod" finished-at="2020-12-28T13:55:52 IST" duration-ms="28359" status="PASS">
          <reporter-output>
          </reporter-output>
        </test-method> <!-- beforeMethod -->
        <test-method signature="Creator()[pri:2, instance:testqa.NewTest@22555ebf]" started-at="2020-12-28T13:55:52 IST" name="Creator" finished-at="2020-12-28T13:56:17 IST" duration-ms="24902" status="PASS">
          <reporter-output>
          </reporter-output>
        </test-method> <!-- Creator -->
        <test-method is-config="true" signature="afterMethod()[pri:0, instance:testqa.NewTest@22555ebf]" started-at="2020-12-28T13:56:17 IST" name="afterMethod" finished-at="2020-12-28T13:56:17 IST" duration-ms="0" status="PASS">
          <reporter-output>
          </reporter-output>
        </test-method> <!-- afterMethod -->
      </class> <!-- testqa.NewTest -->
    </test> <!-- Buyer -->
    <test started-at="2020-12-28T13:56:17 IST" name="EmailReport" finished-at="2020-12-28T13:56:29 IST" duration-ms="12054">
      <class name="emailablereport.SendEmailReportSeleniumCases">
        <test-method signature="f()[pri:0, instance:emailablereport.SendEmailReportSeleniumCases@ba2f4ec]" started-at="2020-12-28T13:56:17 IST" name="f" finished-at="2020-12-28T13:56:29 IST" duration-ms="12041" status="PASS">
          <reporter-output>
          </reporter-output>
        </test-method> <!-- f -->
      </class> <!-- emailablereport.SendEmailReportSeleniumCases -->
    </test> <!-- EmailReport -->
  </suite> <!-- Suite -->
</testng-results>
